1453693199: 
Board: 
9 9 9 9 9 9 9 
9 9 9 9 9 9 9 
9 9 9 9 9 9 9 
9 9 9 9 9 9 9 
9 9 9 9 9 9 9 
9 9 9 9 2 9 9 

1453693199: 
Board: 
9 9 9 9 9 9 9 
9 9 9 9 9 9 9 
9 9 9 9 9 9 9 
9 9 9 9 9 9 9 
9 9 9 9 9 9 9 
9 9 9 9 2 9 1 

1453693199: player6753 played move 6 1
1453693199: 
Board: 
9 9 9 9 9 9 9 
9 9 9 9 9 9 9 
9 9 9 9 9 9 9 
9 9 9 9 9 9 9 
9 9 9 9 9 9 2 
9 9 9 9 2 9 1 

1453693199: player6603 played move 6 1
1453693200: 
Board: 
9 9 9 9 9 9 9 
9 9 9 9 9 9 9 
9 9 9 9 9 9 9 
9 9 9 9 9 9 9 
9 9 9 9 9 9 9 
9 9 9 9 2 9 2 

1453693200: player6753 played move 6 0
1453693200: 
Board: 
9 9 9 9 9 9 9 
9 9 9 9 9 9 9 
9 9 9 9 9 9 9 
9 9 9 9 9 9 9 
9 9 9 9 9 9 9 
9 9 9 9 2 9 9 

1453693200: player6603 played move 6 0
1453693200: 
Board: 
9 9 9 9 9 9 9 
9 9 9 9 9 9 9 
9 9 9 9 9 9 9 
9 9 9 9 9 9 9 
9 9 9 9 9 9 9 
9 9 9 9 2 9 1 

1453693200: player6753 played move 6 1
1453693200: 
Board: 
9 9 9 9 9 9 9 
9 9 9 9 9 9 9 
9 9 9 9 9 9 9 
9 9 9 9 9 9 9 
9 9 9 9 9 9 2 
9 9 9 9 2 9 1 

1453693200: player6603 played move 6 1
1453693200: 
Board: 
9 9 9 9 9 9 9 
9 9 9 9 9 9 9 
9 9 9 9 9 9 9 
9 9 9 9 9 9 1 
9 9 9 9 9 9 2 
9 9 9 9 2 9 1 

1453693200: player6753 played move 6 1
1453693200: 
Board: 
9 9 9 9 9 9 9 
9 9 9 9 9 9 9 
9 9 9 9 9 9 2 
9 9 9 9 9 9 1 
9 9 9 9 9 9 2 
9 9 9 9 2 9 1 

1453693200: player6603 played move 6 1
1453693200: 
Board: 
9 9 9 9 9 9 9 
9 9 9 9 9 9 1 
9 9 9 9 9 9 2 
9 9 9 9 9 9 1 
9 9 9 9 9 9 2 
9 9 9 9 2 9 1 

1453693200: player6753 played move 6 1
1453693200: 
Board: 
9 9 9 9 9 9 2 
9 9 9 9 9 9 1 
9 9 9 9 9 9 2 
9 9 9 9 9 9 1 
9 9 9 9 9 9 2 
9 9 9 9 2 9 1 

1453693200: player6603 played move 6 1
1453693201: 
Board: 
9 9 9 9 9 9 2 
9 9 9 9 9 9 1 
9 9 9 9 9 9 2 
9 9 9 9 9 9 1 
9 9 9 9 9 9 2 
9 9 9 9 2 1 1 

1453693201: player6753 played move 5 1
1453693201: 
Board: 
9 9 9 9 9 9 2 
9 9 9 9 9 9 1 
9 9 9 9 9 9 2 
9 9 9 9 9 9 1 
9 9 9 9 9 2 2 
9 9 9 9 2 1 1 

1453693201: player6603 played move 5 1
1453693201: 
Board: 
9 9 9 9 9 9 2 
9 9 9 9 9 9 1 
9 9 9 9 9 9 2 
9 9 9 9 9 1 1 
9 9 9 9 9 2 2 
9 9 9 9 2 1 1 

1453693201: player6753 played move 5 1
1453693201: 
Board: 
9 9 9 9 9 9 2 
9 9 9 9 9 9 1 
9 9 9 9 9 2 2 
9 9 9 9 9 1 1 
9 9 9 9 9 2 2 
9 9 9 9 2 1 1 

1453693201: player6603 played move 5 1
1453693201: 
Board: 
9 9 9 9 9 9 2 
9 9 9 9 9 1 1 
9 9 9 9 9 2 2 
9 9 9 9 9 1 1 
9 9 9 9 9 2 2 
9 9 9 9 2 1 1 

1453693201: player6753 played move 5 1
1453693201: 
Board: 
9 9 9 9 9 2 2 
9 9 9 9 9 1 1 
9 9 9 9 9 2 2 
9 9 9 9 9 1 1 
9 9 9 9 9 2 2 
9 9 9 9 2 1 1 

1453693201: player6603 played move 5 1
1453693201: 
Board: 
9 9 9 9 9 2 2 
9 9 9 9 9 1 1 
9 9 9 9 9 2 2 
9 9 9 9 9 1 1 
9 9 9 9 1 2 2 
9 9 9 9 2 1 1 

1453693201: player6753 played move 4 1
1453693201: 
Board: 
9 9 9 9 9 2 2 
9 9 9 9 9 1 1 
9 9 9 9 9 2 2 
9 9 9 9 2 1 1 
9 9 9 9 1 2 2 
9 9 9 9 2 1 1 

1453693201: player6603 played move 4 1
1453693201: 
Board: 
9 9 9 9 9 2 2 
9 9 9 9 9 1 1 
9 9 9 9 1 2 2 
9 9 9 9 2 1 1 
9 9 9 9 1 2 2 
9 9 9 9 2 1 1 

1453693201: player6753 played move 4 1
1453693201: 
Board: 
9 9 9 9 9 2 2 
9 9 9 9 2 1 1 
9 9 9 9 1 2 2 
9 9 9 9 2 1 1 
9 9 9 9 1 2 2 
9 9 9 9 2 1 1 

1453693201: player6603 played move 4 1
1453693201: 
Board: 
9 9 9 9 1 2 2 
9 9 9 9 2 1 1 
9 9 9 9 1 2 2 
9 9 9 9 2 1 1 
9 9 9 9 1 2 2 
9 9 9 9 2 1 1 

1453693201: player6753 played move 4 1
1453693201: 
Board: 
9 9 9 9 1 2 2 
9 9 9 9 2 1 1 
9 9 9 9 1 2 2 
9 9 9 9 2 1 1 
9 9 9 9 1 2 2 
9 9 9 2 2 1 1 

1453693201: player6603 played move 3 1
1453693201: 
Board: 
9 9 9 9 1 2 2 
9 9 9 9 2 1 1 
9 9 9 9 1 2 2 
9 9 9 9 2 1 1 
9 9 9 1 1 2 2 
9 9 9 2 2 1 1 

1453693201: player6753 played move 3 1
1453693201: 
Board: 
9 9 9 9 1 2 2 
9 9 9 9 2 1 1 
9 9 9 9 1 2 2 
9 9 9 2 2 1 1 
9 9 9 1 1 2 2 
9 9 9 2 2 1 1 

1453693201: player6603 played move 3 1
1453693201: 
Board: 
9 9 9 9 1 2 2 
9 9 9 9 2 1 1 
9 9 9 1 1 2 2 
9 9 9 2 2 1 1 
9 9 9 1 1 2 2 
9 9 9 2 2 1 1 

1453693201: player6753 played move 3 1
1453693201: 
Board: 
9 9 9 9 1 2 2 
9 9 9 2 2 1 1 
9 9 9 1 1 2 2 
9 9 9 2 2 1 1 
9 9 9 1 1 2 2 
9 9 9 2 2 1 1 

1453693201: player6603 played move 3 1
1453693201: 
Board: 
9 9 9 1 1 2 2 
9 9 9 2 2 1 1 
9 9 9 1 1 2 2 
9 9 9 2 2 1 1 
9 9 9 1 1 2 2 
9 9 9 2 2 1 1 

1453693201: player6753 played move 3 1
1453693202: 
Board: 
9 9 9 1 1 2 2 
9 9 9 2 2 1 1 
9 9 9 1 1 2 2 
9 9 9 2 2 1 1 
9 9 9 1 1 2 2 
9 9 2 2 2 1 1 

1453693202: player6603 played move 2 1
